start: s
accept: ac
reject: rj
blank: _
s 0 -> sec_first 0 ^
s 1 -> sec_first 1 ^
sec_first 1 -> sec_second l >
sec_first 0 -> sec_second o >
sec_first o -> sec_first o >
sec_first l -> sec_first l >
sec_first < -> sec_first < >
sec_second < -> sec_second < >
sec_second 0 -> to_sec_begin o <
sec_second 1 -> to_sec_begin l <
sec_second _ -> to_begin _ <
sec_first _ -> to_begin _ <
to_begin 0 -> to_begin 0 <
to_begin 1 -> to_begin 1 <
to_begin o -> to_begin o <
to_begin l -> to_begin l <
to_begin _ -> comp _ >
to_begin < -> to_begin < <
to_sec_begin < -> to_sec_begin < <
to_sec_begin l -> to_sec_begin l <
to_sec_begin o -> to_sec_begin o <
to_sec_begin _ -> first _ >
to_sec_begin 0 -> first 0 >
to_sec_begin 1 -> first 1 >
first o -> sec_first 0 >
first l -> sec_first 1 >
first < -> ac < ^ 
comp 0 -> comp 0 >
comp 1 -> comp 1 >
comp o -> rj o ^
comp l -> rj l ^
comp < -> great < >
great < -> great < >
great 1 -> great_1 < <
great l -> great_1 < <
great_1 0 -> great_1 0 <
great_1 1 -> great_1 1 <
great_1 < -> great_1 < <
great_1 _ -> comp_1 _ >
comp_1 0 -> ac _ ^
comp_1 1 -> to_great _ >
to_great 0 -> to_great 0 >
to_great 1 -> to_great 1 >
to_great < -> great < >
great 0 -> great_0 < <
great o -> great_0 < <
great_0 0 -> great_0 0 <
great_0 1 -> great_0 1 <
great_0 < -> great_0 < <
great_0 _ -> comp_0 _ >
comp_0 1 -> rj _ ^
comp_0 0 -> to_great _ >
great _ -> rj _ ^
